0 verbose cli C:\Program Files\nodejs\node.exe C:\Users\ciss\portfolio\UserscissAppDataRoamingnpm\node_modules\npm\bin\npm-cli.js
1 info using npm@10.8.2
2 info using node@v20.15.0
3 silly config load:file:C:\Users\ciss\portfolio\UserscissAppDataRoamingnpm\node_modules\npm\npmrc
4 silly config load:file:C:\Users\ciss\.npmrc
5 silly config load:file:C:\Users\ciss\portfolio\UserscissAppDataRoamingnpm\etc\npmrc
6 verbose title npm install npx
7 verbose argv "install" "--global" "npx"
8 verbose logfile logs-max:10 dir:C:\Users\ciss\portfolio\UserscissAppDataLocalnpm-cache\_logs\2024-08-07T13_23_50_310Z-
9 verbose logfile C:\Users\ciss\portfolio\UserscissAppDataLocalnpm-cache\_logs\2024-08-07T13_23_50_310Z-debug-0.log
10 silly packumentCache heap:2197815296 maxSize:549453824 maxEntrySize:274726912
11 silly logfile done cleaning log files
12 silly idealTree buildDeps
13 silly fetch manifest npx@*
14 silly packumentCache full:https://registry.npmjs.org/npx cache-miss
15 http fetch GET 200 https://registry.npmjs.org/npm 1066ms
16 http fetch GET 200 https://registry.npmjs.org/npx 1076ms (cache miss)
17 silly packumentCache full:https://registry.npmjs.org/npx set size:undefined disposed:false
18 silly placeDep ROOT npx@10.2.2 OK for:  want: *
19 silly reify moves {}
20 verbose stack Error: EEXIST: file already exists
20 verbose stack     at failEEXIST (C:\Users\ciss\portfolio\UserscissAppDataRoamingnpm\node_modules\npm\node_modules\bin-links\lib\check-bin.js:47:32)
20 verbose stack     at C:\Users\ciss\portfolio\UserscissAppDataRoamingnpm\node_modules\npm\node_modules\bin-links\lib\check-bin.js:69:14
20 verbose stack     at async Promise.all (index 0)
20 verbose stack     at async checkShim (C:\Users\ciss\portfolio\UserscissAppDataRoamingnpm\node_modules\npm\node_modules\bin-links\lib\check-bin.js:58:3)
20 verbose stack     at async Promise.all (index 0)
20 verbose stack     at async Function.checkBins (C:\Users\ciss\portfolio\UserscissAppDataRoamingnpm\node_modules\npm\node_modules\bin-links\lib\check-bins.js:15:3)
20 verbose stack     at async [checkBins] (C:\Users\ciss\portfolio\UserscissAppDataRoamingnpm\node_modules\npm\node_modules\@npmcli\arborist\lib\arborist\rebuild.js:223:5)
20 verbose stack     at async C:\Users\ciss\portfolio\UserscissAppDataRoamingnpm\node_modules\npm\node_modules\@npmcli\arborist\lib\arborist\reify.js:714:7
21 error code EEXIST
22 error path C:\Users\ciss\portfolio\UserscissAppDataRoamingnpm\npx
23 error EEXIST: file already exists
24 error File exists: C:\Users\ciss\portfolio\UserscissAppDataRoamingnpm\npx
25 error Remove the existing file and try again, or run npm
26 error with --force to overwrite files recklessly.
27 silly unfinished npm timer reify 1723037031012
28 silly unfinished npm timer reify:loadBundles 1723037032200
29 silly unfinished npm timer reifyNode:node_modules/npx 1723037032200
30 verbose cwd C:\Users\ciss\portfolio
31 verbose os Windows_NT 10.0.22631
32 verbose node v20.15.0
33 verbose npm  v10.8.2
34 verbose exit 1
35 verbose code 1
36 error A complete log of this run can be found in: C:\Users\ciss\portfolio\UserscissAppDataLocalnpm-cache\_logs\2024-08-07T13_23_50_310Z-debug-0.log
