0 verbose cli C:\Program Files\nodejs\node.exe C:\Program Files\nodejs\node_modules\npm\bin\npm-cli.js
1 info using npm@10.7.0
2 info using node@v20.15.0
3 silly config:load:file:C:\Program Files\nodejs\node_modules\npm\npmrc
4 silly config:load:file:C:\Users\ciss\.npmrc
5 silly config:load:file:C:\Users\ciss\portfolio\UserscissAppDataRoamingnpm\etc\npmrc
6 verbose title npm install npm
7 verbose argv "install" "--global" "npm"
8 verbose logfile logs-max:10 dir:C:\Users\ciss\portfolio\UserscissAppDataLocalnpm-cache\_logs\2024-08-07T13_23_33_379Z-
9 verbose logfile C:\Users\ciss\portfolio\UserscissAppDataLocalnpm-cache\_logs\2024-08-07T13_23_33_379Z-debug-0.log
10 silly logfile done cleaning log files
11 http fetch GET 200 https://registry.npmjs.org/npm 1062ms (cache miss)
12 silly idealTree buildDeps
13 silly fetch manifest npm@*
14 http fetch GET 200 https://registry.npmjs.org/npm 9011ms (cache miss)
15 silly placeDep ROOT npm@10.8.2 OK for:  want: *
16 silly reify moves {}
17 silly tarball no local data for npm@https://registry.npmjs.org/npm/-/npm-10.8.2.tgz. Extracting by manifest.
18 http fetch GET 200 https://registry.npmjs.org/npm/-/npm-10.8.2.tgz 4413ms (cache miss)
19 silly ADD node_modules/npm
20 verbose exit 0
21 info ok
